<?xml version="1.0" encoding="UTF-8"?>
<!-- Generated by org.testng.reporters.JUnitReportReporter -->
<testsuite hostname="AR3118711W1" failures="0" tests="1" name="Tests.PetShop2" time="7.469" errors="0" timestamp="2022-12-15T15:07:09 ART" skipped="0">
  <testcase classname="Tests.PetShop2" name="C01_Google" time="7.469"/>
  <system-out/>
</testsuite> <!-- Tests.PetShop2 -->
