<?xml version="1.0" encoding="UTF-8"?>
<!-- Generated by org.testng.reporters.JUnitReportReporter -->
<testsuite hostname="AR3118711W1" failures="0" tests="2" name="Tests.PetShop2$PetShop1" time="15.661" errors="0" timestamp="2022-12-14T09:54:57 ART" skipped="0">
  <testcase classname="Tests.PetShop2$PetShop1" name="Prueba1" time="6.669"/>
  <system-out/>
  <testcase classname="Tests.PetShop2$PetShop1" name="C01_Google" time="8.992"/>
  <system-out/>
</testsuite> <!-- Tests.PetShop2$PetShop1 -->
