<?xml version="1.0" encoding="UTF-8"?>
<!-- Generated by org.testng.reporters.JUnitReportReporter -->
<testsuite hostname="AR3118711W1" failures="0" tests="1" name="Tests.PetShop" time="17.594" errors="0" timestamp="2022-12-12T10:54:15 ART" skipped="0">
  <testcase classname="Tests.PetShop" name="C01_Google" time="17.594"/>
  <system-out/>
</testsuite> <!-- Tests.PetShop -->
