<?xml version="1.0" encoding="UTF-8"?>
<!-- Generated by org.testng.reporters.JUnitReportReporter -->
<testsuite hostname="AR3118711W1" failures="0" tests="2" name="Tests.PetShop$PetShop1" time="24.656" errors="0" timestamp="2022-12-13T12:05:01 ART" skipped="0">
  <testcase classname="Tests.PetShop$PetShop1" name="Prueba1" time="7.242"/>
  <system-out/>
  <testcase classname="Tests.PetShop$PetShop1" name="C01_Google" time="17.414"/>
  <system-out/>
</testsuite> <!-- Tests.PetShop$PetShop1 -->
