<?xml version="1.0" encoding="UTF-8"?>
<!-- Generated by org.testng.reporters.JUnitReportReporter -->
<testsuite hostname="AR3118711W1" failures="0" tests="1" name="Metodos.Sql" time="0.371" errors="0" timestamp="2022-12-14T10:42:25 ART" skipped="0">
  <testcase classname="Metodos.Sql" name="Prueba1" time="0.371"/>
  <system-out/>
</testsuite> <!-- Metodos.Sql -->
