<?xml version="1.0" encoding="UTF-8"?>
<!-- Generated by org.testng.reporters.JUnitReportReporter -->
<testsuite hostname="AR3118711W1" failures="0" tests="1" name="Tests.PetShop2" time="15.057" errors="0" timestamp="2023-01-23T12:02:24 ART" skipped="0">
  <testcase classname="Tests.PetShop2" name="C01_Google" time="15.057"/>
  <system-out/>
</testsuite> <!-- Tests.PetShop2 -->
