<?xml version="1.0" encoding="UTF-8"?>
<!-- Generated by org.testng.reporters.JUnitReportReporter -->
<testsuite hostname="AR3118711W1" failures="0" tests="1" name="Tests.PruebaEY" time="41.805" errors="0" timestamp="2022-08-25T11:27:13 ART" skipped="0">
  <testcase classname="Tests.PruebaEY" name="JobCase" time="41.805"/>
  <system-out/>
</testsuite> <!-- Tests.PruebaEY -->
