<?xml version="1.0" encoding="UTF-8"?>
<!-- Generated by org.testng.reporters.JUnitReportReporter -->
<testsuite hostname="AR3161943W1" failures="0" tests="1" name="Prueba" time="0.008" errors="0" timestamp="2022-08-03T12:04:49 ART" skipped="0">
  <testcase classname="Prueba" name="C01_AltaPedido" time="0.008"/>
  <system-out/>
</testsuite> <!-- Prueba -->
