<?xml version="1.0" encoding="UTF-8"?>
<!-- Generated by org.testng.reporters.JUnitReportReporter -->
<testsuite hostname="AR3118711W1" failures="0" tests="1" name="Tests.Prueba2" time="18.088" errors="0" timestamp="2022-08-24T11:15:09 ART" skipped="0">
  <testcase classname="Tests.Prueba2" name="C01_Google" time="18.088"/>
  <system-out/>
</testsuite> <!-- Tests.Prueba2 -->
