<?xml version="1.0" encoding="UTF-8"?>
<!-- Generated by org.testng.reporters.JUnitReportReporter -->
<testsuite hostname="AR3161943W1" failures="0" tests="1" name="Tests.NewTest" time="0.004" errors="0" timestamp="2022-08-03T12:48:16 ART" skipped="0">
  <testcase classname="Tests.NewTest" name="f" time="0.004"/>
  <system-out/>
</testsuite> <!-- Tests.NewTest -->
