<?xml version="1.0" encoding="UTF-8"?>
<!-- Generated by org.testng.reporters.JUnitReportReporter -->
<testsuite hostname="AR3118711W1" failures="0" tests="2" name="Tests.PetShop$PetShop1" time="25.578" errors="0" timestamp="2023-01-14T18:34:20 ART" skipped="0">
  <testcase classname="Tests.PetShop$PetShop1" name="Prueba1" time="8.961"/>
  <system-out/>
  <testcase classname="Tests.PetShop$PetShop1" name="C01_Google" time="16.617"/>
  <system-out/>
</testsuite> <!-- Tests.PetShop$PetShop1 -->
